<?xml version="1.0" encoding="utf-8"?><testsuites name="pytest tests"><testsuite name="pytest" errors="0" failures="0" skipped="0" tests="19" time="3.539" timestamp="2026-07-04T02:09:13.991697+00:00" hostname="agent-env-1940bc82-97ba-469a-898b-81d8771bf5ff"><testcase classname="backend.tests.backend_iteration11_test.TestRegression" name="test_dashboard_stats" time="0.163" /><testcase classname="backend.tests.backend_iteration11_test.TestRegression" name="test_dashboard_outstanding" time="0.070" /><testcase classname="backend.tests.backend_iteration11_test.TestRegression" name="test_dashboard_upcoming" time="0.067" /><testcase classname="backend.tests.backend_iteration11_test.TestRegression" name="test_list_invoices" time="0.028" /><testcase classname="backend.tests.backend_iteration11_test.TestRegression" name="test_list_clients" time="0.072" /><testcase classname="backend.tests.backend_iteration11_test.TestRegression" name="test_list_credentials" time="0.068" /><testcase classname="backend.tests.backend_iteration11_test.TestTaskCreate" name="test_create_task" time="0.072" /><testcase classname="backend.tests.backend_iteration11_test.TestTaskCreate" name="test_task_persisted" time="0.070" /><testcase classname="backend.tests.backend_iteration11_test.TestTaskCreate" name="test_cleanup_task" time="0.070" /><testcase classname="backend.tests.backend_iteration11_test.TestClientCreate" name="test_create_client" time="0.069" /><testcase classname="backend.tests.backend_iteration11_test.TestClientCreate" name="test_client_persisted" time="0.071" /><testcase classname="backend.tests.backend_iteration11_test.TestClientCreate" name="test_cleanup_client" time="0.069" /><testcase classname="backend.tests.backend_iteration11_test.TestInvoiceCreate" name="test_create_invoice" time="0.221" /><testcase classname="backend.tests.backend_iteration11_test.TestInvoiceCreate" name="test_invoice_in_list" time="0.029" /><testcase classname="backend.tests.backend_iteration11_test.TestInvoiceCreate" name="test_cleanup_invoice" time="0.052" /><testcase classname="backend.tests.backend_iteration11_test.TestCredentialsPdf" name="test_create_credential_pdf" time="0.068" /><testcase classname="backend.tests.backend_iteration11_test.TestCredentialsPdf" name="test_credential_persisted" time="0.071" /><testcase classname="backend.tests.backend_iteration11_test.TestCredentialsPdf" name="test_cleanup_credential" time="0.067" /><testcase classname="backend.tests.backend_iteration11_test.TestTranscribe" name="test_transcribe_wav" time="2.065" /></testsuite></testsuites>