<?xml version="1.0" encoding="utf-8"?><testsuites name="pytest tests"><testsuite name="pytest" errors="0" failures="0" skipped="0" tests="6" time="3.433" timestamp="2026-07-03T10:57:49.775209+00:00" hostname="agent-env-1940bc82-97ba-469a-898b-81d8771bf5ff"><testcase classname="backend.tests.backend_iteration7_test.TestDashboardUpcoming" name="test_upcoming_returns_bills_renewals_and_certs" time="1.105" /><testcase classname="backend.tests.backend_iteration7_test.TestDashboardUpcoming" name="test_upcoming_respects_custom_days_horizon" time="0.287" /><testcase classname="backend.tests.backend_iteration7_test.TestOutstandingRegression" name="test_zero_total_and_paid_are_excluded" time="1.033" /><testcase classname="backend.tests.backend_iteration7_test.TestOutstandingRegression" name="test_days_since_sent_clamped_non_negative" time="0.337" /><testcase classname="backend.tests.backend_iteration7_test.TestExpensesCRUDRegression" name="test_expense_crud" time="0.288" /><testcase classname="backend.tests.backend_iteration7_test.TestClientsRegression" name="test_client_crud" time="0.294" /></testsuite></testsuites>