<?xml version="1.0" encoding="utf-8"?><testsuites name="pytest tests"><testsuite name="pytest" errors="0" failures="0" skipped="1" tests="47" time="14.436" timestamp="2026-07-07T06:26:53.158823+00:00" hostname="agent-env-1940bc82-97ba-469a-898b-81d8771bf5ff"><testcase classname="backend.tests.backend_iteration28_test.TestUnauthenticated401" name="test_scan_receipt_401" time="0.262" /><testcase classname="backend.tests.backend_iteration28_test.TestUnauthenticated401" name="test_transcribe_401" time="0.106" /><testcase classname="backend.tests.backend_iteration28_test.TestUnauthenticated401" name="test_ndis_assistant_401" time="0.217" /><testcase classname="backend.tests.backend_iteration28_test.TestUnauthenticated401" name="test_app_help_401" time="0.087" /><testcase classname="backend.tests.backend_iteration28_test.TestUnauthenticated401" name="test_register_push_401" time="0.088" /><testcase classname="backend.tests.backend_iteration28_test.TestUnauthenticated401" name="test_briefing_investor_401" time="0.094" /><testcase classname="backend.tests.backend_iteration28_test.TestUnauthenticated401" name="test_briefing_lean_launch_401" time="0.095" /><testcase classname="backend.tests.backend_iteration28_test.TestUnauthenticated401" name="test_briefing_engineering_401" time="0.092" /><testcase classname="backend.tests.backend_iteration28_test.TestUnauthenticated401" name="test_briefing_compliance_401" time="0.097" /><testcase classname="backend.tests.backend_iteration28_test.TestAuthenticatedProtected" name="test_scan_receipt_authenticated_not_401" time="0.825" /><testcase classname="backend.tests.backend_iteration28_test.TestAuthenticatedProtected" name="test_transcribe_authenticated_not_401" time="1.419" /><testcase classname="backend.tests.backend_iteration28_test.TestAuthenticatedProtected" name="test_ndis_assistant_authenticated_200" time="1.069" /><testcase classname="backend.tests.backend_iteration28_test.TestAuthenticatedProtected" name="test_app_help_authenticated_200" time="2.345" /><testcase classname="backend.tests.backend_iteration28_test.TestAuthenticatedProtected" name="test_register_push_authenticated_not_401" time="0.559" /><testcase classname="backend.tests.backend_iteration28_test.TestBriefingOwnership" name="test_briefing_non_owner_403" time="0.569" /><testcase classname="backend.tests.backend_iteration28_test.TestBriefingOwnership" name="test_briefing_ephemeral_user_403" time="0.388" /><testcase classname="backend.tests.backend_iteration28_test.TestBriefingOwnership" name="test_briefing_owner_200_pdf" time="0.293" /><testcase classname="backend.tests.backend_iteration28_test.TestTenantIsolation" name="test_a_cannot_get_b_invoice" time="1.709" /><testcase classname="backend.tests.backend_iteration28_test.TestTenantIsolation" name="test_list_invoices_only_own" time="0.078" /><testcase classname="backend.tests.backend_iteration28_test.TestTenantIsolation" name="test_a_cannot_put_b_invoice" time="0.072" /><testcase classname="backend.tests.backend_iteration28_test.TestTenantIsolation" name="test_a_cannot_delete_b_invoice" time="0.078" /><testcase classname="backend.tests.backend_iteration28_test.TestTenantIsolation" name="test_a_cannot_get_b_client" time="0.071" /><testcase classname="backend.tests.backend_iteration28_test.TestTenantIsolation" name="test_a_cannot_delete_b_client" time="0.074" /><testcase classname="backend.tests.backend_iteration28_test.TestTenantIsolation" name="test_list_clients_only_own" time="0.074" /><testcase classname="backend.tests.backend_iteration28_test.TestTenantIsolation" name="test_list_tasks_only_own" time="0.069" /><testcase classname="backend.tests.backend_iteration28_test.TestTenantIsolation" name="test_a_cannot_patch_b_task" time="0.069" /><testcase classname="backend.tests.backend_iteration28_test.TestTenantIsolation" name="test_a_cannot_delete_b_task" time="0.068" /><testcase classname="backend.tests.backend_iteration28_test.TestTenantIsolation" name="test_list_receipts_only_own" time="0.076" /><testcase classname="backend.tests.backend_iteration28_test.TestTenantIsolation" name="test_a_cannot_delete_b_receipt" time="0.094" /><testcase classname="backend.tests.backend_iteration28_test.TestTenantIsolation" name="test_list_expenses_only_own" time="0.062" /><testcase classname="backend.tests.backend_iteration28_test.TestTenantIsolation" name="test_a_cannot_patch_b_expense" time="0.074" /><testcase classname="backend.tests.backend_iteration28_test.TestTenantIsolation" name="test_a_cannot_delete_b_expense" time="0.071" /><testcase classname="backend.tests.backend_iteration28_test.TestTenantIsolation" name="test_list_shift_templates_only_own" time="0.076" /><testcase classname="backend.tests.backend_iteration28_test.TestTenantIsolation" name="test_a_cannot_put_b_shift_template" time="0.072" /><testcase classname="backend.tests.backend_iteration28_test.TestTenantIsolation" name="test_a_cannot_delete_b_shift_template" time="0.070" /><testcase classname="backend.tests.backend_iteration28_test.TestTenantIsolation" name="test_list_shifts_only_own" time="0.087" /><testcase classname="backend.tests.backend_iteration28_test.TestTenantIsolation" name="test_a_cannot_delete_b_shift" time="0.000"><skipped type="pytest.skip" message="no shift seeded for org B">/app/backend/tests/backend_iteration28_test.py:404: no shift seeded for org B</skipped></testcase><testcase classname="backend.tests.backend_iteration28_test.TestPublicEndpoints" name="test_health_root" time="0.074" /><testcase classname="backend.tests.backend_iteration28_test.TestPublicEndpoints" name="test_ndis_codes_public" time="0.071" /><testcase classname="backend.tests.backend_iteration28_test.TestPublicEndpoints" name="test_ndis_catalogue_public" time="0.103" /><testcase classname="backend.tests.backend_iteration28_test.TestPublicEndpoints" name="test_ndis_catalogue_version_public" time="0.077" /><testcase classname="backend.tests.backend_iteration28_test.TestPublicEndpoints" name="test_billing_plans_public" time="0.071" /><testcase classname="backend.tests.backend_iteration28_test.TestPublicEndpoints" name="test_auth_login_public" time="0.112" /><testcase classname="backend.tests.backend_iteration28_test.TestPublicEndpoints" name="test_auth_forgot_public" time="0.071" /><testcase classname="backend.tests.backend_iteration28_test.TestPublicEndpoints" name="test_auth_logout_no_token_ok_or_401" time="0.082" /><testcase classname="backend.tests.backend_iteration28_test.TestServiceDateRegression" name="test_create_with_service_date" time="0.344" /><testcase classname="backend.tests.backend_iteration28_test.TestServiceDateRegression" name="test_edit_service_date_and_pdf" time="1.564" /></testsuite></testsuites>