<?xml version="1.0" encoding="utf-8"?><testsuites name="pytest tests"><testsuite name="pytest" errors="0" failures="0" skipped="0" tests="21" time="2.922" timestamp="2026-07-03T04:16:05.619858+00:00" hostname="agent-env-1940bc82-97ba-469a-898b-81d8771bf5ff"><testcase classname="backend.tests.backend_iteration2_test.TestClientsCRUD" name="test_create_client" time="0.236" /><testcase classname="backend.tests.backend_iteration2_test.TestClientsCRUD" name="test_list_clients" time="0.074" /><testcase classname="backend.tests.backend_iteration2_test.TestClientsCRUD" name="test_get_client" time="0.069" /><testcase classname="backend.tests.backend_iteration2_test.TestClientsCRUD" name="test_patch_client_notes" time="0.143" /><testcase classname="backend.tests.backend_iteration2_test.TestClientsCRUD" name="test_get_client_404" time="0.068" /><testcase classname="backend.tests.backend_iteration2_test.TestClientOverview" name="test_overview_with_invoices" time="0.311" /><testcase classname="backend.tests.backend_iteration2_test.TestTasksClientFilter" name="test_tasks_filter_by_client" time="0.068" /><testcase classname="backend.tests.backend_iteration2_test.TestReminders" name="test_create_reminder" time="0.068" /><testcase classname="backend.tests.backend_iteration2_test.TestReminders" name="test_list_reminders_filtered" time="0.069" /><testcase classname="backend.tests.backend_iteration2_test.TestReminders" name="test_patch_reminder_done" time="0.071" /><testcase classname="backend.tests.backend_iteration2_test.TestReminders" name="test_delete_reminder" time="0.205" /><testcase classname="backend.tests.backend_iteration2_test.TestSettings" name="test_get_default_settings" time="0.068" /><testcase classname="backend.tests.backend_iteration2_test.TestSettings" name="test_put_and_persist_settings" time="0.142" /><testcase classname="backend.tests.backend_iteration2_test.TestReportsSummary" name="test_summary_default_fy" time="0.069" /><testcase classname="backend.tests.backend_iteration2_test.TestReportsSummary" name="test_summary_fy_2025" time="0.277" /><testcase classname="backend.tests.backend_iteration2_test.TestPDFs" name="test_invoice_pdf" time="0.035" /><testcase classname="backend.tests.backend_iteration2_test.TestPDFs" name="test_invoice_pdf_404" time="0.070" /><testcase classname="backend.tests.backend_iteration2_test.TestPDFs" name="test_report_pdf" time="0.030" /><testcase classname="backend.tests.backend_iteration2_test.TestExcelExport" name="test_export_invoices" time="0.032" /><testcase classname="backend.tests.backend_iteration2_test.TestExcelExport" name="test_export_receipts" time="0.030" /><testcase classname="backend.tests.backend_iteration2_test.TestClientDeleteLast" name="test_delete_client" time="0.693" /></testsuite></testsuites>