<?xml version="1.0" encoding="utf-8"?><testsuites name="pytest tests"><testsuite name="pytest" errors="0" failures="0" skipped="0" tests="8" time="5.261" timestamp="2026-08-03T11:46:50.785661+00:00" hostname="agent-env-1940bc82-97ba-469a-898b-81d8771bf5ff"><testcase classname="backend.tests.backend_iteration39_test.TestInvoiceNumberCreate" name="test_create_with_manual_number" time="0.573" /><testcase classname="backend.tests.backend_iteration39_test.TestInvoiceNumberCreate" name="test_duplicate_manual_number_returns_409" time="0.073" /><testcase classname="backend.tests.backend_iteration39_test.TestInvoiceNumberCreate" name="test_empty_invoice_number_auto_assigns_INV_prefix" time="0.667" /><testcase classname="backend.tests.backend_iteration39_test.TestInvoiceNumberRename" name="test_rename_to_fresh_and_reject_clash" time="0.913" /><testcase classname="backend.tests.backend_iteration39_test.TestBusinessSnapshotMerge" name="test_empty_business_snapshot_falls_back_to_settings" time="0.456" /><testcase classname="backend.tests.backend_iteration39_test.TestRoutineTasksType" name="test_routine_tasks_created_with_type_task" time="1.526" /><testcase classname="backend.tests.backend_iteration39_test.TestStartShiftOverride" name="test_start_shift_respects_overrides" time="0.474" /><testcase classname="backend.tests.backend_iteration39_test.TestEndShiftOverride" name="test_end_shift_respects_overrides" time="0.515" /></testsuite></testsuites>