<?xml version="1.0" encoding="utf-8"?><testsuites name="pytest tests"><testsuite name="pytest" errors="0" failures="0" skipped="0" tests="24" time="8.489" timestamp="2026-07-26T15:08:21.254991+00:00" hostname="agent-env-1940bc82-97ba-469a-898b-81d8771bf5ff"><testcase classname="backend.tests.backend_iteration35_test.TestSEC002SeedPasswordHardening" name="test_no_hardcoded_admin_hash_in_seed" time="0.003" /><testcase classname="backend.tests.backend_iteration35_test.TestSEC002SeedPasswordHardening" name="test_seed_uses_env_or_random_token" time="0.000" /><testcase classname="backend.tests.backend_iteration35_test.TestSEC001ForgotResetNoTokenLeak" name="test_forgot_existing_email_returns_no_token" time="0.250" /><testcase classname="backend.tests.backend_iteration35_test.TestSEC001ForgotResetNoTokenLeak" name="test_forgot_unknown_email_returns_same_shape" time="0.143" /><testcase classname="backend.tests.backend_iteration35_test.TestSEC001ForgotResetNoTokenLeak" name="test_forgot_logs_token_prefix_to_server" time="1.077" /><testcase classname="backend.tests.backend_iteration35_test.TestSEC001EndToEndReset" name="test_end_to_end_reset_and_restore" time="2.229" /><testcase classname="backend.tests.backend_iteration35_test.TestSEC003CatalogueImportOwnerOnly" name="test_non_owner_gets_403" time="0.334" /><testcase classname="backend.tests.backend_iteration35_test.TestSEC003CatalogueImportOwnerOnly" name="test_owner_can_import" time="0.344" /><testcase classname="backend.tests.backend_iteration35_test.TestSEC004UploadCaps" name="test_scan_receipt_oversize_413" time="0.298" /><testcase classname="backend.tests.backend_iteration35_test.TestSEC004UploadCaps" name="test_scan_document_oversize_413" time="0.356" /><testcase classname="backend.tests.backend_iteration35_test.TestSEC004UploadCaps" name="test_transcribe_oversize_413" time="0.581" /><testcase classname="backend.tests.backend_iteration35_test.TestSEC004UploadCaps" name="test_create_client_oversize_413" time="0.235" /><testcase classname="backend.tests.backend_iteration35_test.TestSEC004UploadCaps" name="test_put_settings_oversize_logo_413" time="0.280" /><testcase classname="backend.tests.backend_iteration35_test.TestSEC004UploadCaps" name="test_create_receipt_oversize_413" time="0.238" /><testcase classname="backend.tests.backend_iteration35_test.TestSEC004UploadCaps" name="test_create_credential_oversize_413" time="0.268" /><testcase classname="backend.tests.backend_iteration35_test.TestSEC004UploadCaps" name="test_create_client_doc_oversize_413" time="0.349" /><testcase classname="backend.tests.backend_iteration35_test.TestSEC004UploadCaps" name="test_create_client_with_normal_photo_ok" time="0.077" /><testcase classname="backend.tests.backend_iteration35_test.TestSEC004UploadCaps" name="test_put_settings_normal_logo_ok" time="0.076" /><testcase classname="backend.tests.backend_iteration35_test.TestSEC004UploadCaps" name="test_create_receipt_normal_ok" time="0.114" /><testcase classname="backend.tests.backend_iteration35_test.TestSEC004UploadCaps" name="test_create_credential_normal_ok" time="0.117" /><testcase classname="backend.tests.backend_iteration35_test.TestSEC004UploadCaps" name="test_create_client_doc_normal_ok" time="0.199" /><testcase classname="backend.tests.backend_iteration35_test.TestGeneralRegression" name="test_login_list_clients" time="0.031" /><testcase classname="backend.tests.backend_iteration35_test.TestGeneralRegression" name="test_create_client_invoice_and_pdf" time="0.790" /><testcase classname="backend.tests.backend_iteration35_test.TestPasswordResetsTTLIndex" name="test_ttl_index_present" time="0.004" /></testsuite></testsuites>