<?xml version="1.0" encoding="utf-8"?><testsuites name="pytest tests"><testsuite name="pytest" errors="0" failures="0" skipped="0" tests="11" time="2.332" timestamp="2026-08-04T01:52:39.353709+00:00" hostname="agent-env-1940bc82-97ba-469a-898b-81d8771bf5ff"><testcase classname="backend.tests.backend_iteration40_test.TestInvoicePdfDeliveredDates" name="test_persisted_line_dates" time="1.032" /><testcase classname="backend.tests.backend_iteration40_test.TestInvoicePdfDeliveredDates" name="test_pdf_header_no_top_level_service_date" time="0.106" /><testcase classname="backend.tests.backend_iteration40_test.TestInvoicePdfDeliveredDates" name="test_pdf_line_a_delivered" time="0.000" /><testcase classname="backend.tests.backend_iteration40_test.TestInvoicePdfDeliveredDates" name="test_pdf_line_b_delivered" time="0.000" /><testcase classname="backend.tests.backend_iteration40_test.TestInvoicePdfDeliveredDates" name="test_pdf_line_c_falls_back_to_invoice_level" time="0.000" /><testcase classname="backend.tests.backend_iteration40_test.TestInvoicePdfDeliveredDates" name="test_pdf_delivered_appears_three_times" time="0.097" /><testcase classname="backend.tests.backend_iteration40_test.TestInvoicePdfBackwardCompatFallback" name="test_existing_invoice_pdf_renders_with_fallback" time="0.181" /><testcase classname="backend.tests.backend_iteration40_test.TestSessionExpiryHttpBehaviour" name="test_fake_bearer_returns_401_invalid_session" time="0.070" /><testcase classname="backend.tests.backend_iteration40_test.TestSessionExpiryHttpBehaviour" name="test_empty_bearer_returns_401_not_authenticated" time="0.067" /><testcase classname="backend.tests.backend_iteration40_test.TestSessionExpiryHttpBehaviour" name="test_missing_auth_header_returns_401" time="0.081" /><testcase classname="backend.tests.backend_iteration40_test.TestSessionExpiryHttpBehaviour" name="test_logout_invalidates_token" time="0.575" /></testsuite></testsuites>