<?xml version="1.0" encoding="utf-8"?><testsuites name="pytest tests"><testsuite name="pytest" errors="0" failures="0" skipped="0" tests="21" time="2.688" timestamp="2026-07-04T03:27:46.124768+00:00" hostname="agent-env-1940bc82-97ba-469a-898b-81d8771bf5ff"><testcase classname="backend.tests.backend_iteration12_test.TestRegression" name="test_dashboard_stats" time="0.335" /><testcase classname="backend.tests.backend_iteration12_test.TestRegression" name="test_list_invoices" time="0.034" /><testcase classname="backend.tests.backend_iteration12_test.TestRegression" name="test_list_clients" time="0.034" /><testcase classname="backend.tests.backend_iteration12_test.TestRegression" name="test_ndis_codes" time="0.032" /><testcase classname="backend.tests.backend_iteration12_test.TestAuthMePatch" name="test_get_me" time="0.329" /><testcase classname="backend.tests.backend_iteration12_test.TestAuthMePatch" name="test_patch_me_updates_name" time="0.034" /><testcase classname="backend.tests.backend_iteration12_test.TestAuthMePatch" name="test_patch_me_persists_on_get" time="0.031" /><testcase classname="backend.tests.backend_iteration12_test.TestAuthMePatch" name="test_patch_me_picture" time="0.033" /><testcase classname="backend.tests.backend_iteration12_test.TestAuthMePatch" name="test_restore_name" time="0.070" /><testcase classname="backend.tests.backend_iteration12_test.TestAuthMePatch" name="test_patch_me_requires_auth" time="0.033" /><testcase classname="backend.tests.backend_iteration12_test.TestFavouriteCodes" name="test_get_settings_initial" time="0.030" /><testcase classname="backend.tests.backend_iteration12_test.TestFavouriteCodes" name="test_put_favourite_codes" time="0.031" /><testcase classname="backend.tests.backend_iteration12_test.TestFavouriteCodes" name="test_get_favourite_codes_persisted" time="0.030" /><testcase classname="backend.tests.backend_iteration12_test.TestFavouriteCodes" name="test_update_favourite_codes_multi" time="0.074" /><testcase classname="backend.tests.backend_iteration12_test.TestFavouriteCodes" name="test_cleanup_favourite_codes" time="0.032" /><testcase classname="backend.tests.backend_iteration12_test.TestAssistant" name="test_ndis_assistant_basic" time="1.112" /><testcase classname="backend.tests.backend_iteration12_test.TestNotes" name="test_put_notes" time="0.031" /><testcase classname="backend.tests.backend_iteration12_test.TestNotes" name="test_get_notes" time="0.030" /><testcase classname="backend.tests.backend_iteration12_test.TestNotes" name="test_cleanup_notes" time="0.071" /><testcase classname="backend.tests.backend_iteration12_test.TestInvoiceCreate" name="test_create_invoice" time="0.162" /><testcase classname="backend.tests.backend_iteration12_test.TestInvoiceCreate" name="test_cleanup_invoice" time="0.034" /></testsuite></testsuites>