<?xml version="1.0" encoding="utf-8"?><testsuites name="pytest tests"><testsuite name="pytest" errors="0" failures="0" skipped="0" tests="12" time="5.310" timestamp="2026-07-08T00:36:38.151906+00:00" hostname="agent-env-1940bc82-97ba-469a-898b-81d8771bf5ff"><testcase classname="backend.tests.backend_iteration29_test.TestInvoiceGSTAndTTP" name="test_create_invoice_gst_mix_and_ttp" time="1.010" /><testcase classname="backend.tests.backend_iteration29_test.TestInvoiceNumberUniqueness" name="test_deleted_number_not_reused" time="0.492" /><testcase classname="backend.tests.backend_iteration29_test.TestInvoiceEdit" name="test_edit_preserves_and_updates" time="0.369" /><testcase classname="backend.tests.backend_iteration29_test.TestInvoicePDF" name="test_pdf_ttp_gst_mix_and_account_name" time="0.340" /><testcase classname="backend.tests.backend_iteration29_test.TestSettingsAccountName" name="test_put_get_account_name" time="0.177" /><testcase classname="backend.tests.backend_iteration29_test.TestClientNextOfKin" name="test_create_and_patch_next_of_kin" time="0.347" /><testcase classname="backend.tests.backend_iteration29_test.TestScanDocument" name="test_scan_document_401_without_token" time="0.078" /><testcase classname="backend.tests.backend_iteration29_test.TestScanDocument" name="test_scan_document_junk_base64_returns_500" time="0.525" /><testcase classname="backend.tests.backend_iteration29_test.TestClientDocumentsExtracted" name="test_create_and_list_with_extracted_fields" time="0.135" /><testcase classname="backend.tests.backend_iteration29_test.TestRegression" name="test_tasks_crud" time="0.414" /><testcase classname="backend.tests.backend_iteration29_test.TestRegression" name="test_duplicate_invoice" time="0.279" /><testcase classname="backend.tests.backend_iteration29_test.TestRegression" name="test_dashboard_stats" time="1.029" /></testsuite></testsuites>