<?xml version="1.0" encoding="utf-8"?><testsuites name="pytest tests"><testsuite name="pytest" errors="0" failures="0" skipped="0" tests="6" time="1.114" timestamp="2026-07-26T12:42:32.091153+00:00" hostname="agent-env-1940bc82-97ba-469a-898b-81d8771bf5ff"><testcase classname="backend.tests.backend_iteration33_test.TestTaskEndTime" name="test_create_task_with_end_time" time="0.613" /><testcase classname="backend.tests.backend_iteration33_test.TestTaskEndTime" name="test_get_task_returns_end_time" time="0.040" /><testcase classname="backend.tests.backend_iteration33_test.TestTaskEndTime" name="test_patch_task_end_time" time="0.148" /><testcase classname="backend.tests.backend_iteration33_test.TestTaskEndTime" name="test_cleanup" time="0.076" /><testcase classname="backend.tests.backend_iteration33_test.TestInvoicePdf" name="test_pdf_returns_200_application_pdf" time="0.081" /><testcase classname="backend.tests.backend_iteration33_test.TestInvoicePdf" name="test_pdf_without_auth_is_401" time="0.091" /></testsuite></testsuites>