<?xml version="1.0" encoding="utf-8"?><testsuites name="pytest tests"><testsuite name="pytest" errors="0" failures="0" skipped="0" tests="16" time="4.523" timestamp="2026-07-03T10:17:19.632941+00:00" hostname="agent-env-1940bc82-97ba-469a-898b-81d8771bf5ff"><testcase classname="backend.tests.backend_iteration6_test.TestClientExtendedFields" name="test_create_client_with_all_new_fields" time="0.322" /><testcase classname="backend.tests.backend_iteration6_test.TestClientExtendedFields" name="test_patch_client_updates_new_fields" time="0.243" /><testcase classname="backend.tests.backend_iteration6_test.TestClientExtendedFields" name="test_delete_client_removes" time="0.239" /><testcase classname="backend.tests.backend_iteration6_test.TestClientExtendedFields" name="test_client_defaults_when_new_fields_missing" time="0.160" /><testcase classname="backend.tests.backend_iteration6_test.TestExpensesCRUD" name="test_create_expense_full" time="0.126" /><testcase classname="backend.tests.backend_iteration6_test.TestExpensesCRUD" name="test_list_expenses_sorted_by_due_date_asc" time="0.459" /><testcase classname="backend.tests.backend_iteration6_test.TestExpensesCRUD" name="test_patch_expense" time="0.203" /><testcase classname="backend.tests.backend_iteration6_test.TestExpensesCRUD" name="test_delete_expense_removes" time="0.238" /><testcase classname="backend.tests.backend_iteration6_test.TestExpensesCRUD" name="test_patch_expense_not_found" time="0.044" /><testcase classname="backend.tests.backend_iteration6_test.TestDashboardOutstanding" name="test_outstanding_enrichment_fields" time="0.530" /><testcase classname="backend.tests.backend_iteration6_test.TestDashboardOutstanding" name="test_outstanding_excludes_paid" time="0.523" /><testcase classname="backend.tests.backend_iteration6_test.TestDashboardOutstanding" name="test_initials_default_when_no_name" time="0.319" /><testcase classname="backend.tests.backend_iteration6_test.TestCredentialsNumber" name="test_credential_number_persists" time="0.198" /><testcase classname="backend.tests.backend_iteration6_test.TestRegression" name="test_invoice_totals" time="0.552" /><testcase classname="backend.tests.backend_iteration6_test.TestRegression" name="test_receipt_create_and_list" time="0.216" /><testcase classname="backend.tests.backend_iteration6_test.TestRegression" name="test_stats_shape" time="0.080" /></testsuite></testsuites>