<?xml version="1.0" encoding="utf-8"?><testsuites name="pytest tests"><testsuite name="pytest" errors="0" failures="0" skipped="0" tests="12" time="1.394" timestamp="2026-07-14T04:29:36.003410+00:00" hostname="agent-env-1940bc82-97ba-469a-898b-81d8771bf5ff"><testcase classname="backend.tests.backend_iteration32_test.TestShiftsRetention" name="test_default_excludes_ended" time="0.452" /><testcase classname="backend.tests.backend_iteration32_test.TestShiftsRetention" name="test_include_ended_returns_all" time="0.441" /><testcase classname="backend.tests.backend_iteration32_test.TestShiftsRetention" name="test_include_ended_false_matches_default" time="0.064" /><testcase classname="backend.tests.backend_iteration32_test.TestRetentionIndexes" name="test_source_has_no_ttl_on_business_collections" time="0.001" /><testcase classname="backend.tests.backend_iteration32_test.TestListEndpointsRespondOk" name="test_list_endpoint_ok[/api/invoices]" time="0.035" /><testcase classname="backend.tests.backend_iteration32_test.TestListEndpointsRespondOk" name="test_list_endpoint_ok[/api/receipts]" time="0.076" /><testcase classname="backend.tests.backend_iteration32_test.TestListEndpointsRespondOk" name="test_list_endpoint_ok[/api/expenses]" time="0.074" /><testcase classname="backend.tests.backend_iteration32_test.TestListEndpointsRespondOk" name="test_list_endpoint_ok[/api/tasks]" time="0.032" /><testcase classname="backend.tests.backend_iteration32_test.TestListEndpointsRespondOk" name="test_list_endpoint_ok[/api/reminders]" time="0.071" /><testcase classname="backend.tests.backend_iteration32_test.TestListEndpointsRespondOk" name="test_client_notes_ok" time="0.031" /><testcase classname="backend.tests.backend_iteration32_test.TestListEndpointsRespondOk" name="test_client_overview_ok" time="0.036" /><testcase classname="backend.tests.backend_iteration32_test.TestSourceListCaps" name="test_list_handler_caps" time="0.001" /></testsuite></testsuites>