<?xml version="1.0" encoding="utf-8"?><testsuites name="pytest tests"><testsuite name="pytest" errors="0" failures="0" skipped="0" tests="7" time="9.776" timestamp="2026-07-05T03:03:22.808899+00:00" hostname="agent-env-1940bc82-97ba-469a-898b-81d8771bf5ff"><testcase classname="backend.tests.backend_iteration23_test" name="test_login_ok" time="0.458" /><testcase classname="backend.tests.backend_iteration23_test.TestAppHelp" name="test_reconcile_question_mentions_bank" time="1.530" /><testcase classname="backend.tests.backend_iteration23_test.TestAppHelp" name="test_prefilled_invoices_question_mentions_templates_or_shifts" time="1.451" /><testcase classname="backend.tests.backend_iteration23_test.TestAppHelp" name="test_invoice_wont_send_mentions_compliance_fields" time="3.538" /><testcase classname="backend.tests.backend_iteration23_test.TestAppHelp" name="test_empty_messages_returns_400" time="0.112" /><testcase classname="backend.tests.backend_iteration23_test.TestAppHelp" name="test_no_i18n_key_leaks_in_answer" time="1.432" /><testcase classname="backend.tests.backend_iteration23_test.TestAppHelp" name="test_endpoint_is_public_no_auth_required" time="1.193" /></testsuite></testsuites>