<?xml version="1.0" encoding="utf-8"?><testsuites name="pytest tests"><testsuite name="pytest" errors="0" failures="0" skipped="0" tests="16" time="2.880" timestamp="2026-07-08T02:23:34.682881+00:00" hostname="agent-env-1940bc82-97ba-469a-898b-81d8771bf5ff"><testcase classname="backend.tests.backend_iteration31_test.TestInvoicePlanManagement" name="test_create_plan_managed_invoice" time="0.725" /><testcase classname="backend.tests.backend_iteration31_test.TestInvoicePlanManagement" name="test_update_management_type_via_put" time="0.230" /><testcase classname="backend.tests.backend_iteration31_test.TestInvoicePlanManagement" name="test_pdf_contains_plan_manager_block" time="0.162" /><testcase classname="backend.tests.backend_iteration31_test.TestInvoicePlanManagement" name="test_teardown_invoices" time="0.106" /><testcase classname="backend.tests.backend_iteration31_test.TestClientPlanManagement" name="test_patch_management_and_accepted_codes" time="0.226" /><testcase classname="backend.tests.backend_iteration31_test.TestClientPlanManagement" name="test_teardown_client" time="0.076" /><testcase classname="backend.tests.backend_iteration31_test.TestActivityTemplatesCRUD" name="test_setup_client" time="0.077" /><testcase classname="backend.tests.backend_iteration31_test.TestActivityTemplatesCRUD" name="test_create_template" time="0.083" /><testcase classname="backend.tests.backend_iteration31_test.TestActivityTemplatesCRUD" name="test_list_templates" time="0.075" /><testcase classname="backend.tests.backend_iteration31_test.TestActivityTemplatesCRUD" name="test_patch_template" time="0.079" /><testcase classname="backend.tests.backend_iteration31_test.TestActivityTemplatesCRUD" name="test_delete_template" time="0.148" /><testcase classname="backend.tests.backend_iteration31_test.TestActivityTemplatesCRUD" name="test_teardown_client" time="0.079" /><testcase classname="backend.tests.backend_iteration31_test.TestPlannedActivitiesOnActiveShift" name="test_setup" time="0.233" /><testcase classname="backend.tests.backend_iteration31_test.TestPlannedActivitiesOnActiveShift" name="test_start_shift" time="0.082" /><testcase classname="backend.tests.backend_iteration31_test.TestPlannedActivitiesOnActiveShift" name="test_task_appears_in_planned_activities" time="0.110" /><testcase classname="backend.tests.backend_iteration31_test.TestPlannedActivitiesOnActiveShift" name="test_teardown" time="0.298" /></testsuite></testsuites>