<?xml version="1.0" encoding="utf-8"?><testsuites name="pytest tests"><testsuite name="pytest" errors="0" failures="0" skipped="0" tests="16" time="7.671" timestamp="2026-07-03T12:22:37.695487+00:00" hostname="agent-env-1940bc82-97ba-469a-898b-81d8771bf5ff"><testcase classname="backend.tests.backend_iteration9_test.TestLifetimeOwner" name="test_lifetime_login" time="0.512" /><testcase classname="backend.tests.backend_iteration9_test.TestLifetimeOwner" name="test_lifetime_membership" time="0.114" /><testcase classname="backend.tests.backend_iteration9_test.TestLifetimeOwner" name="test_lifetime_me" time="0.225" /><testcase classname="backend.tests.backend_iteration9_test.TestNdisAssistant" name="test_self_care_weekday" time="1.718" /><testcase classname="backend.tests.backend_iteration9_test.TestNdisAssistant" name="test_community_access" time="1.404" /><testcase classname="backend.tests.backend_iteration9_test.TestNdisAssistant" name="test_nonsense_no_fake_code" time="1.071" /><testcase classname="backend.tests.backend_iteration9_test.TestNdisAssistant" name="test_multi_turn" time="1.065" /><testcase classname="backend.tests.backend_iteration9_test.TestNdisAssistant" name="test_empty_messages_400" time="0.045" /><testcase classname="backend.tests.backend_iteration9_test.TestRegression" name="test_demo_login" time="0.266" /><testcase classname="backend.tests.backend_iteration9_test.TestRegression" name="test_demo_membership_not_lifetime" time="0.112" /><testcase classname="backend.tests.backend_iteration9_test.TestRegression" name="test_plans_still_works" time="0.047" /><testcase classname="backend.tests.backend_iteration9_test.TestRegression" name="test_demo_checkout_returns_stripe_url" time="0.717" /><testcase classname="backend.tests.backend_iteration9_test.TestRegression" name="test_me_without_token_401" time="0.093" /><testcase classname="backend.tests.backend_iteration9_test.TestRegression" name="test_logout" time="0.081" /><testcase classname="backend.tests.backend_iteration9_test.TestRegression" name="test_ndis_catalogue_has_25" time="0.047" /><testcase classname="backend.tests.backend_iteration9_test.TestRegression" name="test_dashboard_stats" time="0.059" /></testsuite></testsuites>