<?xml version="1.0" encoding="utf-8"?><testsuites name="pytest tests"><testsuite name="pytest" errors="0" failures="0" skipped="0" tests="3" time="2.693" timestamp="2026-07-27T13:08:26.119442+00:00" hostname="agent-env-1940bc82-97ba-469a-898b-81d8771bf5ff"><testcase classname="backend.tests.backend_iteration37_test.TestScanDocument" name="test_scan_document_success_or_extraction_failure" time="2.129" /><testcase classname="backend.tests.backend_iteration37_test.TestClientDocuments" name="test_create_and_list_client_document" time="0.390" /><testcase classname="backend.tests.backend_iteration37_test.TestLaunchRoadmapSanity" name="test_head_launch_roadmap_pdf" time="0.115" /></testsuite></testsuites>