<?xml version="1.0" encoding="utf-8"?><testsuites name="pytest tests"><testsuite name="pytest" errors="0" failures="0" skipped="0" tests="8" time="1.963" timestamp="2026-07-05T04:44:15.869554+00:00" hostname="agent-env-1940bc82-97ba-469a-898b-81d8771bf5ff"><testcase classname="backend.tests.backend_iteration24_test" name="test_client_notes_requires_auth" time="0.741" /><testcase classname="backend.tests.backend_iteration24_test.TestCreateClientNote" name="test_create_note_success_and_persist" time="0.212" /><testcase classname="backend.tests.backend_iteration24_test.TestCreateClientNote" name="test_create_empty_text_returns_400" time="0.070" /><testcase classname="backend.tests.backend_iteration24_test.TestCreateClientNote" name="test_create_whitespace_text_returns_400" time="0.099" /><testcase classname="backend.tests.backend_iteration24_test.TestCreateClientNote" name="test_create_note_nonexistent_client_returns_404" time="0.073" /><testcase classname="backend.tests.backend_iteration24_test.TestListClientNotes" name="test_list_newest_first" time="0.316" /><testcase classname="backend.tests.backend_iteration24_test.TestDeleteClientNote" name="test_delete_removes_note" time="0.221" /><testcase classname="backend.tests.backend_iteration24_test.TestDeleteClientNote" name="test_delete_nonexistent_note_returns_404" time="0.163" /></testsuite></testsuites>