<?xml version="1.0" encoding="utf-8"?><testsuites name="pytest tests"><testsuite name="pytest" errors="0" failures="0" skipped="0" tests="15" time="2.617" timestamp="2026-07-07T03:23:58.576781+00:00" hostname="agent-env-1940bc82-97ba-469a-898b-81d8771bf5ff"><testcase classname="backend.tests.backend_iteration26_test.TestSetup" name="test_end_any_active_shift" time="0.551" /><testcase classname="backend.tests.backend_iteration26_test.TestSetup" name="test_create_client_alex_doe" time="0.092" /><testcase classname="backend.tests.backend_iteration26_test.TestShiftTemplateCRUD" name="test_create_template_returns_preview_totals" time="0.074" /><testcase classname="backend.tests.backend_iteration26_test.TestShiftTemplateCRUD" name="test_list_templates_contains_new_one" time="0.196" /><testcase classname="backend.tests.backend_iteration26_test.TestShiftTemplateCRUD" name="test_update_template_recomputes_preview" time="0.158" /><testcase classname="backend.tests.backend_iteration26_test.TestShiftTemplateCRUD" name="test_template_org_isolation" time="0.395" /><testcase classname="backend.tests.backend_iteration26_test.TestShiftStartWithTemplate" name="test_start_shift_with_template" time="0.094" /><testcase classname="backend.tests.backend_iteration26_test.TestShiftStartWithTemplate" name="test_tasks_created_from_routine" time="0.071" /><testcase classname="backend.tests.backend_iteration26_test.TestShiftStartWithTemplate" name="test_active_shift_returns_embedded_template" time="0.074" /><testcase classname="backend.tests.backend_iteration26_test.TestPlanAndDelete" name="test_end_active_shift" time="0.153" /><testcase classname="backend.tests.backend_iteration26_test.TestPlanAndDelete" name="test_plan_shift_with_template" time="0.069" /><testcase classname="backend.tests.backend_iteration26_test.TestPlanAndDelete" name="test_planned_tasks_created" time="0.064" /><testcase classname="backend.tests.backend_iteration26_test.TestPlanAndDelete" name="test_delete_planned_shift_removes_drafts" time="0.198" /><testcase classname="backend.tests.backend_iteration26_test.TestTemplateDelete" name="test_delete_template" time="0.067" /><testcase classname="backend.tests.backend_iteration26_test.TestTemplateDelete" name="test_delete_template_second_time_404" time="0.299" /></testsuite></testsuites>