<?xml version="1.0" encoding="utf-8"?><testsuites name="pytest tests"><testsuite name="pytest" errors="0" failures="0" skipped="0" tests="16" time="3.293" timestamp="2026-07-04T15:24:09.175593+00:00" hostname="agent-env-1940bc82-97ba-469a-898b-81d8771bf5ff"><testcase classname="backend.tests.backend_iteration22_test" name="test_login_returns_token" time="0.358" /><testcase classname="backend.tests.backend_iteration22_test" name="test_me_ok" time="0.077" /><testcase classname="backend.tests.backend_iteration22_test.TestShiftsPhaseD" name="test_end_any_active" time="0.191" /><testcase classname="backend.tests.backend_iteration22_test.TestShiftsPhaseD" name="test_plan_shift_future_date" time="0.179" /><testcase classname="backend.tests.backend_iteration22_test.TestShiftsPhaseD" name="test_list_shows_planned" time="0.092" /><testcase classname="backend.tests.backend_iteration22_test.TestShiftsPhaseD" name="test_activate_planned" time="0.207" /><testcase classname="backend.tests.backend_iteration22_test.TestShiftsPhaseD" name="test_end_activated" time="0.198" /><testcase classname="backend.tests.backend_iteration22_test.TestShiftsPhaseD" name="test_start_now_still_works" time="0.258" /><testcase classname="backend.tests.backend_iteration22_test.TestShiftsPhaseD" name="test_cancel_planned_removes_drafts" time="0.462" /><testcase classname="backend.tests.backend_iteration22_test.TestBankPhaseE" name="test_clear_and_import_two_rows" time="0.291" /><testcase classname="backend.tests.backend_iteration22_test.TestBankPhaseE" name="test_list_transactions" time="0.085" /><testcase classname="backend.tests.backend_iteration22_test.TestBankPhaseE" name="test_update_selected_flag" time="0.169" /><testcase classname="backend.tests.backend_iteration22_test.TestBankPhaseE" name="test_ignore_removes_from_list" time="0.169" /><testcase classname="backend.tests.backend_iteration22_test.TestBankPhaseE" name="test_reconcile_marks_invoice_paid" time="0.263" /><testcase classname="backend.tests.backend_iteration22_test.TestBankPhaseE" name="test_clear_all" time="0.143" /><testcase classname="backend.tests.backend_iteration22_test" name="test_reports_reflect_paid" time="0.086" /></testsuite></testsuites>