<?xml version="1.0" encoding="utf-8"?><testsuites name="pytest tests"><testsuite name="pytest" errors="0" failures="0" skipped="0" tests="7" time="2.164" timestamp="2026-07-07T03:02:06.894107+00:00" hostname="agent-env-1940bc82-97ba-469a-898b-81d8771bf5ff"><testcase classname="backend.tests.backend_iteration25_test.TestOwnerMembership" name="test_owner_membership_is_trialing" time="0.546" /><testcase classname="backend.tests.backend_iteration25_test.TestClientCareSections" name="test_create_client_with_care_sections" time="0.087" /><testcase classname="backend.tests.backend_iteration25_test.TestClientCareSections" name="test_get_client_returns_care_sections" time="0.081" /><testcase classname="backend.tests.backend_iteration25_test.TestClientCareSections" name="test_patch_client_updates_care_sections" time="0.156" /><testcase classname="backend.tests.backend_iteration25_test.TestClientCareSections" name="test_create_client_ignores_legacy_condition_severity" time="0.086" /><testcase classname="backend.tests.backend_iteration25_test.TestClientNotesRegression" name="test_post_note_and_list" time="0.255" /><testcase classname="backend.tests.backend_iteration25_test.TestResetDataDemo" name="test_reset_wipes_org_data" time="0.879" /></testsuite></testsuites>