<?xml version="1.0" encoding="utf-8"?><testsuites name="pytest tests"><testsuite name="pytest" errors="0" failures="0" skipped="0" tests="30" time="11.876" timestamp="2026-07-04T06:54:54.952505+00:00" hostname="agent-env-1940bc82-97ba-469a-898b-81d8771bf5ff"><testcase classname="backend.tests.backend_iteration14_test" name="test_protected_endpoints_require_auth[/clients]" time="0.096" /><testcase classname="backend.tests.backend_iteration14_test" name="test_protected_endpoints_require_auth[/invoices]" time="0.068" /><testcase classname="backend.tests.backend_iteration14_test" name="test_protected_endpoints_require_auth[/receipts]" time="0.062" /><testcase classname="backend.tests.backend_iteration14_test" name="test_protected_endpoints_require_auth[/expenses]" time="0.072" /><testcase classname="backend.tests.backend_iteration14_test" name="test_protected_endpoints_require_auth[/tasks]" time="0.064" /><testcase classname="backend.tests.backend_iteration14_test" name="test_protected_endpoints_require_auth[/credentials]" time="0.066" /><testcase classname="backend.tests.backend_iteration14_test" name="test_protected_endpoints_require_auth[/reminders]" time="0.068" /><testcase classname="backend.tests.backend_iteration14_test" name="test_protected_endpoints_require_auth[/dashboard/stats]" time="0.071" /><testcase classname="backend.tests.backend_iteration14_test" name="test_protected_endpoints_require_auth[/dashboard/upcoming]" time="0.081" /><testcase classname="backend.tests.backend_iteration14_test" name="test_protected_endpoints_require_auth[/dashboard/outstanding]" time="0.064" /><testcase classname="backend.tests.backend_iteration14_test" name="test_protected_endpoints_require_auth[/settings]" time="0.087" /><testcase classname="backend.tests.backend_iteration14_test" name="test_protected_endpoints_require_auth[/reports/summary]" time="0.076" /><testcase classname="backend.tests.backend_iteration14_test" name="test_protected_endpoints_require_auth[/notes/2026-07-04]" time="0.064" /><testcase classname="backend.tests.backend_iteration14_test" name="test_protected_endpoints_require_auth[/shifts/active]" time="0.070" /><testcase classname="backend.tests.backend_iteration14_test" name="test_protected_endpoints_require_auth[/audit-log]" time="0.065" /><testcase classname="backend.tests.backend_iteration14_test" name="test_public_catalogue_endpoints_open[/ndis-codes]" time="0.076" /><testcase classname="backend.tests.backend_iteration14_test" name="test_public_catalogue_endpoints_open[/ndis-catalogue]" time="0.069" /><testcase classname="backend.tests.backend_iteration14_test" name="test_public_catalogue_endpoints_open[/ndis-catalogue/version]" time="0.067" /><testcase classname="backend.tests.backend_iteration14_test" name="test_bad_token_rejected" time="0.081" /><testcase classname="backend.tests.backend_iteration14_test" name="test_owner_has_migrated_clients" time="0.366" /><testcase classname="backend.tests.backend_iteration14_test.TestOrgIsolation" name="test_demo_creates_client_only_visible_to_demo" time="0.985" /><testcase classname="backend.tests.backend_iteration14_test.TestOrgIsolation" name="test_owner_creates_invoice_hidden_from_demo" time="0.700" /><testcase classname="backend.tests.backend_iteration14_test.TestTwoFactor" name="test_2fa_setup_returns_secret_and_qr" time="0.411" /><testcase classname="backend.tests.backend_iteration14_test.TestTwoFactor" name="test_2fa_verify_enrollment_returns_backup_codes" time="1.842" /><testcase classname="backend.tests.backend_iteration14_test.TestTwoFactor" name="test_login_now_returns_challenge" time="0.321" /><testcase classname="backend.tests.backend_iteration14_test.TestTwoFactor" name="test_verify_challenge_totp_returns_token" time="0.073" /><testcase classname="backend.tests.backend_iteration14_test.TestTwoFactor" name="test_backup_code_single_use" time="2.512" /><testcase classname="backend.tests.backend_iteration14_test.TestTwoFactor" name="test_2fa_disable" time="1.725" /><testcase classname="backend.tests.backend_iteration14_test.TestAuditLog" name="test_audit_log_scoped_to_org" time="0.622" /><testcase classname="backend.tests.backend_iteration14_test" name="test_login_rate_limit_returns_429" time="0.873" /></testsuite></testsuites>