<?xml version="1.0" encoding="utf-8"?><testsuites name="pytest tests"><testsuite name="pytest" errors="0" failures="0" skipped="0" tests="16" time="4.606" timestamp="2026-07-08T01:31:35.075979+00:00" hostname="agent-env-1940bc82-97ba-469a-898b-81d8771bf5ff"><testcase classname="backend.tests.backend_iteration30_test.TestPrivacyConsent" name="test_privacy_policy_public" time="0.109" /><testcase classname="backend.tests.backend_iteration30_test.TestPrivacyConsent" name="test_consent_requires_auth" time="0.068" /><testcase classname="backend.tests.backend_iteration30_test.TestPrivacyConsent" name="test_accept_flow_owner" time="0.525" /><testcase classname="backend.tests.backend_iteration30_test.TestPrivacyConsent" name="test_accept_flow_demo" time="0.365" /><testcase classname="backend.tests.backend_iteration30_test.TestBillingLimits" name="test_owner_limits" time="0.030" /><testcase classname="backend.tests.backend_iteration30_test.TestBillingLimits" name="test_demo_free_limits_shape" time="0.030" /><testcase classname="backend.tests.backend_iteration30_test.TestFreeTierEnforcement" name="test_client_limit_enforced" time="0.354" /><testcase classname="backend.tests.backend_iteration30_test.TestFreeTierEnforcement" name="test_invoice_limit_enforced" time="0.439" /><testcase classname="backend.tests.backend_iteration30_test.TestFreeTierEnforcement" name="test_ai_usage_increments" time="1.298" /><testcase classname="backend.tests.backend_iteration30_test.TestFreeTierEnforcement" name="test_cleanup_demo_data" time="0.433" /><testcase classname="backend.tests.backend_iteration30_test.TestOwnerProInvoice" name="test_owner_can_create_many_invoices" time="0.033" /><testcase classname="backend.tests.backend_iteration30_test.TestOwnerProInvoice" name="test_append_item_recomputes" time="0.140" /><testcase classname="backend.tests.backend_iteration30_test.TestOwnerProInvoice" name="test_teardown_owner_invoice" time="0.070" /><testcase classname="backend.tests.backend_iteration30_test.TestRegressionIter29" name="test_invoice_per_item_fields_roundtrip" time="0.145" /><testcase classname="backend.tests.backend_iteration30_test.TestRegressionIter29" name="test_tasks_crud" time="0.286" /><testcase classname="backend.tests.backend_iteration30_test.TestRegressionIter29" name="test_clients_with_next_of_kin" time="0.213" /></testsuite></testsuites>