<?xml version="1.0" encoding="utf-8"?><testsuites name="pytest tests"><testsuite name="pytest" errors="0" failures="0" skipped="0" tests="18" time="2.621" timestamp="2026-07-03T05:05:14.271636+00:00" hostname="agent-env-1940bc82-97ba-469a-898b-81d8771bf5ff"><testcase classname="backend.tests.backend_iteration3_test.TestClientsNewFields" name="test_create_client_full_fields" time="0.249" /><testcase classname="backend.tests.backend_iteration3_test.TestClientsNewFields" name="test_get_client_returns_new_fields" time="0.075" /><testcase classname="backend.tests.backend_iteration3_test.TestClientsNewFields" name="test_overview_returns_new_fields" time="0.073" /><testcase classname="backend.tests.backend_iteration3_test.TestInvoicesNewFields" name="test_create_invoice_with_new_fields" time="0.073" /><testcase classname="backend.tests.backend_iteration3_test.TestInvoicesNewFields" name="test_get_invoice_returns_new_fields" time="0.070" /><testcase classname="backend.tests.backend_iteration3_test.TestInvoicesNewFields" name="test_patch_invoice_sent" time="0.143" /><testcase classname="backend.tests.backend_iteration3_test.TestInvoicesNewFields" name="test_patch_invoice_sent_404" time="0.071" /><testcase classname="backend.tests.backend_iteration3_test.TestInvoicePDFRegression" name="test_pdf_ok" time="0.037" /><testcase classname="backend.tests.backend_iteration3_test.TestDashboardOverdue" name="test_overdue_counts_unpaid_past_due" time="0.352" /><testcase classname="backend.tests.backend_iteration3_test.TestCredentials" name="test_create_credential" time="0.072" /><testcase classname="backend.tests.backend_iteration3_test.TestCredentials" name="test_list_credentials_sorted" time="0.140" /><testcase classname="backend.tests.backend_iteration3_test.TestCredentials" name="test_patch_credential" time="0.071" /><testcase classname="backend.tests.backend_iteration3_test.TestCredentials" name="test_patch_credential_404" time="0.069" /><testcase classname="backend.tests.backend_iteration3_test.TestCredentials" name="test_delete_credential" time="0.211" /><testcase classname="backend.tests.backend_iteration3_test.TestDailyNotes" name="test_get_default_note" time="0.070" /><testcase classname="backend.tests.backend_iteration3_test.TestDailyNotes" name="test_put_and_get_note" time="0.140" /><testcase classname="backend.tests.backend_iteration3_test.TestRegression" name="test_ndis_codes" time="0.070" /><testcase classname="backend.tests.backend_iteration3_test.TestRegression" name="test_settings_still_ok" time="0.565" /></testsuite></testsuites>