<?xml version="1.0" encoding="utf-8"?><testsuites name="pytest tests"><testsuite name="pytest" errors="0" failures="1" skipped="0" tests="16" time="10.543" timestamp="2026-07-03T12:46:01.196013+00:00" hostname="agent-env-1940bc82-97ba-469a-898b-81d8771bf5ff"><testcase classname="backend.tests.backend_iteration10_test.TestCatalogueRead" name="test_catalogue_full" time="0.116" /><testcase classname="backend.tests.backend_iteration10_test.TestCatalogueRead" name="test_catalogue_version" time="0.045" /><testcase classname="backend.tests.backend_iteration10_test.TestCatalogueRead" name="test_ndis_codes_matches" time="0.039" /><testcase classname="backend.tests.backend_iteration10_test.TestCatalogueImport" name="test_import_requires_auth" time="0.077" /><testcase classname="backend.tests.backend_iteration10_test.TestCatalogueImport" name="test_admin_login" time="0.297" /><testcase classname="backend.tests.backend_iteration10_test.TestCatalogueImport" name="test_import_malformed_csv_400" time="0.213" /><testcase classname="backend.tests.backend_iteration10_test.TestCatalogueImport" name="test_import_merge_adds_new_and_updates_existing" time="0.201" /><testcase classname="backend.tests.backend_iteration10_test.TestCatalogueImport" name="test_import_replace_wipes_and_loads_only_csv" time="0.202" /><testcase classname="backend.tests.backend_iteration10_test.TestAssistantRetrieval" name="test_shower_and_dress_weekday" time="1.556" /><testcase classname="backend.tests.backend_iteration10_test.TestAssistantRetrieval" name="test_grocery_shopping_community" time="5.816"><failure message="AssertionError: expected community access code, got []&#10;assert ('04_104_0125_6_1' in [] or False)&#10; +  where False = any(&lt;generator object TestAssistantRetrieval.test_grocery_shopping_community.&lt;locals&gt;.&lt;genexpr&gt; at 0xfd4e23773bc0&gt;)">backend/tests/backend_iteration10_test.py:178: in test_grocery_shopping_community
    assert "04_104_0125_6_1" in code_ids or any("community" in (cc.get("name") or "").lower() for cc in d["codes"]), \
E   AssertionError: expected community access code, got []
E   assert ('04_104_0125_6_1' in [] or False)
E    +  where False = any(&lt;generator object TestAssistantRetrieval.test_grocery_shopping_community.&lt;locals&gt;.&lt;genexpr&gt; at 0xfd4e23773bc0&gt;)</failure></testcase><testcase classname="backend.tests.backend_iteration10_test.TestAssistantRetrieval" name="test_out_of_scope_no_fake_code" time="1.205" /><testcase classname="backend.tests.backend_iteration10_test.TestRegression" name="test_me_401" time="0.090" /><testcase classname="backend.tests.backend_iteration10_test.TestRegression" name="test_plans" time="0.074" /><testcase classname="backend.tests.backend_iteration10_test.TestRegression" name="test_lifetime_membership" time="0.120" /><testcase classname="backend.tests.backend_iteration10_test.TestRegression" name="test_dashboard_stats" time="0.081" /><testcase classname="backend.tests.backend_iteration10_test.TestRegression" name="test_demo_login" time="0.299" /></testsuite></testsuites>