<?xml version="1.0" encoding="utf-8"?><testsuites name="pytest tests"><testsuite name="pytest" errors="0" failures="0" skipped="0" tests="11" time="3.532" timestamp="2026-07-07T05:09:19.430441+00:00" hostname="agent-env-1940bc82-97ba-469a-898b-81d8771bf5ff"><testcase classname="backend.tests.backend_iteration27_test.TestSetup" name="test_create_client" time="0.452" /><testcase classname="backend.tests.backend_iteration27_test.TestInvoiceServiceDate" name="test_create_invoice_with_service_date" time="0.322" /><testcase classname="backend.tests.backend_iteration27_test.TestInvoiceServiceDate" name="test_create_invoice_without_service_date_defaults" time="0.199" /><testcase classname="backend.tests.backend_iteration27_test.TestInvoiceServiceDate" name="test_update_invoice_with_service_date" time="0.164" /><testcase classname="backend.tests.backend_iteration27_test.TestInvoiceServiceDate" name="test_update_invoice_without_service_date_preserves_existing" time="0.148" /><testcase classname="backend.tests.backend_iteration27_test.TestInvoicePDFServiceDate" name="test_pdf_contains_service_date" time="0.082" /><testcase classname="backend.tests.backend_iteration27_test.TestInvoicePDFServiceDate" name="test_pdf_still_contains_issued_and_status" time="0.097" /><testcase classname="backend.tests.backend_iteration27_test.TestInvoiceDuplicate" name="test_duplicate_resets_service_date_to_today" time="0.166" /><testcase classname="backend.tests.backend_iteration27_test.TestAiNdisAssistant" name="test_ndis_assistant_returns_answer_and_codes" time="1.201" /><testcase classname="backend.tests.backend_iteration27_test.TestRegression" name="test_send_invoice" time="0.147" /><testcase classname="backend.tests.backend_iteration27_test.TestRegression" name="test_list_invoices_still_works" time="0.432" /></testsuite></testsuites>