<?xml version="1.0" encoding="utf-8"?><testsuites name="pytest tests"><testsuite name="pytest" errors="0" failures="0" skipped="0" tests="20" time="3.212" timestamp="2026-07-04T04:53:54.681981+00:00" hostname="agent-env-1940bc82-97ba-469a-898b-81d8771bf5ff"><testcase classname="backend.tests.backend_iteration13_test.TestRegression" name="test_dashboard" time="0.250" /><testcase classname="backend.tests.backend_iteration13_test.TestRegression" name="test_list_clients" time="0.030" /><testcase classname="backend.tests.backend_iteration13_test.TestRegression" name="test_list_invoices" time="0.032" /><testcase classname="backend.tests.backend_iteration13_test.TestRegression" name="test_list_credentials" time="0.075" /><testcase classname="backend.tests.backend_iteration13_test.TestAuthMePatch" name="test_patch_me_updates_name" time="0.368" /><testcase classname="backend.tests.backend_iteration13_test.TestAuthMePatch" name="test_restore_name" time="0.070" /><testcase classname="backend.tests.backend_iteration13_test.TestAuthMePatch" name="test_patch_me_requires_auth" time="0.071" /><testcase classname="backend.tests.backend_iteration13_test.TestBrandingSnapshot" name="test_put_settings_modern" time="0.072" /><testcase classname="backend.tests.backend_iteration13_test.TestBrandingSnapshot" name="test_get_settings_reflects" time="0.070" /><testcase classname="backend.tests.backend_iteration13_test.TestBrandingSnapshot" name="test_create_invoice_has_business_snapshot" time="0.215" /><testcase classname="backend.tests.backend_iteration13_test.TestBrandingSnapshot" name="test_get_invoice_returns_snapshot" time="0.069" /><testcase classname="backend.tests.backend_iteration13_test.TestBrandingSnapshot" name="test_pdf_modern_returns_valid" time="0.037" /><testcase classname="backend.tests.backend_iteration13_test.TestBrandingSnapshot" name="test_pdf_classic" time="0.103" /><testcase classname="backend.tests.backend_iteration13_test.TestBrandingSnapshot" name="test_pdf_minimal" time="0.106" /><testcase classname="backend.tests.backend_iteration13_test.TestApplyBusiness" name="test_create_two_invoices" time="0.517" /><testcase classname="backend.tests.backend_iteration13_test.TestApplyBusiness" name="test_update_settings_and_apply" time="0.145" /><testcase classname="backend.tests.backend_iteration13_test.TestApplyBusiness" name="test_snapshot_updated_on_invoices" time="0.141" /><testcase classname="backend.tests.backend_iteration13_test.TestApplyBusiness" name="test_apply_business_empty" time="0.068" /><testcase classname="backend.tests.backend_iteration13_test.TestMarkSent" name="test_mark_sent" time="0.324" /><testcase classname="backend.tests.backend_iteration13_test" name="test_zz_cleanup" time="0.350" /></testsuite></testsuites>