<?xml version="1.0" encoding="utf-8"?><testsuites name="pytest tests"><testsuite name="pytest" errors="0" failures="0" skipped="0" tests="8" time="3.373" timestamp="2026-07-03T07:12:59.097543+00:00" hostname="agent-env-1940bc82-97ba-469a-898b-81d8771bf5ff"><testcase classname="backend.tests.backend_iteration5_test.TestNdisCatalogue" name="test_catalogue_shape" time="0.239" /><testcase classname="backend.tests.backend_iteration5_test.TestNdisCatalogue" name="test_catalogue_items_fields" time="0.030" /><testcase classname="backend.tests.backend_iteration5_test.TestNdisCatalogue" name="test_catalogue_version_endpoint" time="0.072" /><testcase classname="backend.tests.backend_iteration5_test.TestNdisCatalogue" name="test_ndis_codes_list" time="0.033" /><testcase classname="backend.tests.backend_iteration5_test.TestRecentCodes" name="test_recent_codes_dedup_and_order" time="0.748" /><testcase classname="backend.tests.backend_iteration5_test.TestRecentCodes" name="test_recent_codes_empty_for_new_client" time="0.221" /><testcase classname="backend.tests.backend_iteration5_test.TestRecentCodes" name="test_recent_codes_only_last_3" time="1.263" /><testcase classname="backend.tests.backend_iteration5_test.TestInvoiceRegression" name="test_create_and_get_invoice" time="0.681" /></testsuite></testsuites>