<?xml version="1.0" encoding="utf-8"?><testsuites name="pytest tests"><testsuite name="pytest" errors="0" failures="0" skipped="0" tests="7" time="3.966" timestamp="2026-07-30T09:50:35.899109+00:00" hostname="agent-env-1940bc82-97ba-469a-898b-81d8771bf5ff"><testcase classname="backend.tests.backend_iteration38_test.TestAssistantCompliance" name="test_gst_registration_question_returns_no_codes" time="1.350" /><testcase classname="backend.tests.backend_iteration38_test.TestAssistantCode" name="test_saturday_personal_care_returns_codes" time="1.397" /><testcase classname="backend.tests.backend_iteration38_test.TestInvoicePdfMultiDate" name="test_multi_date_pdf_contains_service_dates_plural" time="0.374" /><testcase classname="backend.tests.backend_iteration38_test.TestInvoicePdfMultiDate" name="test_single_date_pdf_contains_service_date_singular" time="0.272" /><testcase classname="backend.tests.backend_iteration38_test.TestShiftEndpointsSanity" name="test_list_shift_templates" time="0.087" /><testcase classname="backend.tests.backend_iteration38_test.TestShiftEndpointsSanity" name="test_list_shifts_include_ended" time="0.081" /><testcase classname="backend.tests.backend_iteration38_test.TestShiftEndpointsSanity" name="test_create_shift_template" time="0.342" /></testsuite></testsuites>