<?xml version="1.0" encoding="utf-8"?><testsuites name="pytest tests"><testsuite name="pytest" errors="0" failures="0" skipped="0" tests="28" time="5.886" timestamp="2026-07-03T11:35:21.799306+00:00" hostname="agent-env-1940bc82-97ba-469a-898b-81d8771bf5ff"><testcase classname="backend.tests.backend_iteration8_test.TestAuth" name="test_register_success" time="0.464" /><testcase classname="backend.tests.backend_iteration8_test.TestAuth" name="test_register_duplicate_409" time="0.074" /><testcase classname="backend.tests.backend_iteration8_test.TestAuth" name="test_register_short_password_400" time="0.075" /><testcase classname="backend.tests.backend_iteration8_test.TestAuth" name="test_login_invalid_401" time="0.296" /><testcase classname="backend.tests.backend_iteration8_test.TestAuth" name="test_login_valid" time="0.295" /><testcase classname="backend.tests.backend_iteration8_test.TestAuth" name="test_me_without_token_401" time="0.083" /><testcase classname="backend.tests.backend_iteration8_test.TestAuth" name="test_me_invalid_token_401" time="0.084" /><testcase classname="backend.tests.backend_iteration8_test.TestAuth" name="test_me_with_token" time="0.294" /><testcase classname="backend.tests.backend_iteration8_test.TestAuth" name="test_logout_invalidates_token" time="0.169" /><testcase classname="backend.tests.backend_iteration8_test.TestAuth" name="test_forgot_and_reset" time="1.091" /><testcase classname="backend.tests.backend_iteration8_test.TestAuth" name="test_forgot_unknown_email_returns_sent" time="0.073" /><testcase classname="backend.tests.backend_iteration8_test.TestDemoAccount" name="test_demo_login" time="0.295" /><testcase classname="backend.tests.backend_iteration8_test.TestMembership" name="test_plans_public" time="0.073" /><testcase classname="backend.tests.backend_iteration8_test.TestMembership" name="test_membership_requires_auth" time="0.091" /><testcase classname="backend.tests.backend_iteration8_test.TestMembership" name="test_membership_current" time="0.076" /><testcase classname="backend.tests.backend_iteration8_test.TestMembership" name="test_checkout_invalid_plan_400" time="0.088" /><testcase classname="backend.tests.backend_iteration8_test.TestMembership" name="test_checkout_creates_session" time="0.708" /><testcase classname="backend.tests.backend_iteration8_test.TestMembership" name="test_checkout_requires_auth" time="0.070" /><testcase classname="backend.tests.backend_iteration8_test.TestMembership" name="test_status_endpoint" time="0.483" /><testcase classname="backend.tests.backend_iteration8_test.TestMembership" name="test_cancel_endpoint" time="0.083" /><testcase classname="backend.tests.backend_iteration8_test.TestRegression" name="test_dashboard_stats" time="0.032" /><testcase classname="backend.tests.backend_iteration8_test.TestRegression" name="test_dashboard_upcoming" time="0.076" /><testcase classname="backend.tests.backend_iteration8_test.TestRegression" name="test_dashboard_outstanding" time="0.074" /><testcase classname="backend.tests.backend_iteration8_test.TestRegression" name="test_clients_list" time="0.073" /><testcase classname="backend.tests.backend_iteration8_test.TestRegression" name="test_invoices_list" time="0.029" /><testcase classname="backend.tests.backend_iteration8_test.TestRegression" name="test_receipts_list" time="0.070" /><testcase classname="backend.tests.backend_iteration8_test.TestRegression" name="test_expenses_list" time="0.074" /><testcase classname="backend.tests.backend_iteration8_test.TestRegression" name="test_data_endpoints_not_token_protected" time="0.389" /></testsuite></testsuites>