<?xml version="1.0" encoding="utf-8"?><testsuites name="pytest tests"><testsuite name="pytest" errors="0" failures="0" skipped="0" tests="24" time="3.214" timestamp="2026-07-03T05:55:32.910342+00:00" hostname="agent-env-1940bc82-97ba-469a-898b-81d8771bf5ff"><testcase classname="tests.backend_iteration4_test.TestHealth" name="test_root" time="0.234" /><testcase classname="tests.backend_iteration4_test.TestShifts" name="test_setup_two_clients" time="0.171" /><testcase classname="tests.backend_iteration4_test.TestShifts" name="test_end_any_prior_active_shift" time="0.151" /><testcase classname="tests.backend_iteration4_test.TestShifts" name="test_start_shift_creates_draft_invoices" time="0.080" /><testcase classname="tests.backend_iteration4_test.TestShifts" name="test_start_shift_while_active_reuses_shift" time="0.072" /><testcase classname="tests.backend_iteration4_test.TestShifts" name="test_active_shift_returns_drafts_and_receipts" time="0.130" /><testcase classname="tests.backend_iteration4_test.TestShifts" name="test_edit_draft_and_finalise_to_unpaid" time="0.060" /><testcase classname="tests.backend_iteration4_test.TestShifts" name="test_end_shift" time="0.142" /><testcase classname="tests.backend_iteration4_test.TestInvoiceDuplicate" name="test_duplicate_creates_new_unpaid_today" time="0.140" /><testcase classname="tests.backend_iteration4_test.TestInvoiceDuplicate" name="test_duplicate_404" time="0.075" /><testcase classname="tests.backend_iteration4_test.TestClientDocuments" name="test_create_document" time="0.070" /><testcase classname="tests.backend_iteration4_test.TestClientDocuments" name="test_list_documents_filtered_by_client" time="0.030" /><testcase classname="tests.backend_iteration4_test.TestClientDocuments" name="test_delete_document" time="0.129" /><testcase classname="tests.backend_iteration4_test.TestReceipts" name="test_receipt_archived_flag_persists" time="0.060" /><testcase classname="tests.backend_iteration4_test.TestDashboard" name="test_stats_returns_expected_keys" time="0.031" /><testcase classname="tests.backend_iteration4_test.TestReportDocx" name="test_docx_export" time="0.132" /><testcase classname="tests.backend_iteration4_test.TestRegisterPush" name="test_register_push_returns_handled_error" time="0.261" /><testcase classname="tests.backend_iteration4_test.TestRegression" name="test_ndis_codes" time="0.072" /><testcase classname="tests.backend_iteration4_test.TestRegression" name="test_settings" time="0.070" /><testcase classname="tests.backend_iteration4_test.TestRegression" name="test_tasks_crud" time="0.107" /><testcase classname="tests.backend_iteration4_test.TestRegression" name="test_reminders_crud" time="0.108" /><testcase classname="tests.backend_iteration4_test.TestRegression" name="test_reports_summary" time="0.070" /><testcase classname="tests.backend_iteration4_test.TestRegression" name="test_export_invoices_xlsx" time="0.037" /><testcase classname="tests.backend_iteration4_test.TestRegression" name="test_client_overview" time="0.676" /></testsuite></testsuites>