<?xml version="1.0" encoding="utf-8"?><testsuites name="pytest tests"><testsuite name="pytest" errors="0" failures="1" skipped="0" tests="11" time="3.923" timestamp="2026-07-02T10:34:52.196133+00:00" hostname="agent-env-1940bc82-97ba-469a-898b-81d8771bf5ff"><testcase classname="backend.tests.backend_test" name="test_root_health" time="0.263" /><testcase classname="backend.tests.backend_test" name="test_ndis_codes" time="0.143" /><testcase classname="backend.tests.backend_test" name="test_invoice_create_totals" time="0.048" /><testcase classname="backend.tests.backend_test" name="test_invoice_list_and_get" time="0.065" /><testcase classname="backend.tests.backend_test" name="test_invoice_status_toggle" time="0.108" /><testcase classname="backend.tests.backend_test" name="test_invoice_delete" time="0.178" /><testcase classname="backend.tests.backend_test" name="test_receipt_crud" time="0.160" /><testcase classname="backend.tests.backend_test" name="test_task_crud" time="0.138" /><testcase classname="backend.tests.backend_test" name="test_dashboard_stats" time="0.076" /><testcase classname="backend.tests.backend_test" name="test_scan_receipt_ai" time="2.116" /><testcase classname="backend.tests.backend_test" name="test_transcribe_ai" time="0.501"><failure message="AssertionError: {&quot;detail&quot;:&quot;Transcription failed: Failed to transcribe audio: litellm.APIConnectionError: APIConnectionError: OpenAIException - Expected entry at `file` to be bytes, an io.IOBase instance, PathLike or a tuple but received &lt;class 'str'&gt; instead. See https://github.com/openai/openai-python/tree/main#file-uploads&quot;}&#10;assert 500 == 200&#10; +  where 500 = &lt;Response [500]&gt;.status_code">backend/tests/backend_test.py:214: in test_transcribe_ai
    assert r.status_code == 200, r.text
E   AssertionError: {"detail":"Transcription failed: Failed to transcribe audio: litellm.APIConnectionError: APIConnectionError: OpenAIException - Expected entry at `file` to be bytes, an io.IOBase instance, PathLike or a tuple but received &lt;class 'str'&gt; instead. See https://github.com/openai/openai-python/tree/main#file-uploads"}
E   assert 500 == 200
E    +  where 500 = &lt;Response [500]&gt;.status_code</failure></testcase></testsuite></testsuites>